{
  "stats": {
    "suites": 1,
    "tests": 2,
    "passes": 2,
    "pending": 0,
    "failures": 0,
    "start": "2024-09-04T07:32:34.359Z",
    "end": "2024-09-04T07:32:35.660Z",
    "duration": 1301,
    "testsRegistered": 2,
    "passPercent": 100,
    "pendingPercent": 0,
    "other": 0,
    "hasOther": false,
    "skipped": 0,
    "hasSkipped": false
  },
  "results": [
    {
      "uuid": "04e17dcd-6e5a-4a69-8eac-d9d311e03ce8",
      "title": "",
      "fullFile": "cypress\\integration\\api_tests\\userApiTest.spec.js",
      "file": "cypress\\integration\\api_tests\\userApiTest.spec.js",
      "beforeHooks": [],
      "afterHooks": [],
      "tests": [],
      "suites": [
        {
          "uuid": "c3a9c6e9-e119-4475-86b3-3d337c23810b",
          "title": "User API Testleri",
          "fullFile": "",
          "file": "",
          "beforeHooks": [],
          "afterHooks": [],
          "tests": [
            {
              "title": "GET İsteği - Kullanıcıları Listele",
              "fullTitle": "User API Testleri GET İsteği - Kullanıcıları Listele",
              "timedOut": null,
              "duration": 573,
              "state": "passed",
              "speed": "fast",
              "pass": true,
              "fail": false,
              "pending": false,
              "context": null,
              "code": "_userApiPage.userApiPage.getUsers().then(response => {\n  expect(response.status).to.eq(200);\n  expect(response.body).to.have.length(10);\n  expect(response.body[0]).to.have.property('name');\n});",
              "err": {},
              "uuid": "aaac3dea-7dc0-45c9-b526-e3f7194bfeb1",
              "parentUUID": "c3a9c6e9-e119-4475-86b3-3d337c23810b",
              "isHook": false,
              "skipped": false
            },
            {
              "title": "POST İsteği - Yeni Kullanıcı Ekle",
              "fullTitle": "User API Testleri POST İsteği - Yeni Kullanıcı Ekle",
              "timedOut": null,
              "duration": 610,
              "state": "passed",
              "speed": "fast",
              "pass": true,
              "fail": false,
              "pending": false,
              "context": null,
              "code": "const newUser = {\n  name: 'Yeni Kullanıcı',\n  username: 'yeniKullanici',\n  email: 'yenikullanici@example.com'\n};\n_userApiPage.userApiPage.createUser(newUser).then(response => {\n  expect(response.status).to.eq(201);\n  expect(response.body).to.have.property('id');\n  expect(response.body.name).to.eq('Yeni Kullanıcı');\n});",
              "err": {},
              "uuid": "174cfdc9-26a1-4c3f-b590-0cee1441a093",
              "parentUUID": "c3a9c6e9-e119-4475-86b3-3d337c23810b",
              "isHook": false,
              "skipped": false
            }
          ],
          "suites": [],
          "passes": [
            "aaac3dea-7dc0-45c9-b526-e3f7194bfeb1",
            "174cfdc9-26a1-4c3f-b590-0cee1441a093"
          ],
          "failures": [],
          "pending": [],
          "skipped": [],
          "duration": 1183,
          "root": false,
          "rootEmpty": false,
          "_timeout": 2000
        }
      ],
      "passes": [],
      "failures": [],
      "pending": [],
      "skipped": [],
      "duration": 0,
      "root": true,
      "rootEmpty": true,
      "_timeout": 2000
    }
  ],
  "meta": {
    "mocha": {
      "version": "7.0.1"
    },
    "mochawesome": {
      "options": {
        "quiet": false,
        "reportFilename": "mochawesome",
        "saveHtml": false,
        "saveJson": true,
        "consoleReporter": "spec",
        "useInlineDiffs": false,
        "code": true
      },
      "version": "7.1.3"
    },
    "marge": {
      "options": {
        "reportDir": "cypress/reports",
        "overwrite": false,
        "html": false,
        "json": true
      },
      "version": "6.2.0"
    }
  }
}