{
  "stats": {
    "suites": 1,
    "tests": 2,
    "passes": 2,
    "pending": 0,
    "failures": 0,
    "start": "2024-08-31T04:19:20.205Z",
    "end": "2024-08-31T04:19:21.368Z",
    "duration": 1163,
    "testsRegistered": 2,
    "passPercent": 100,
    "pendingPercent": 0,
    "other": 0,
    "hasOther": false,
    "skipped": 0,
    "hasSkipped": false
  },
  "results": [
    {
      "uuid": "9791022f-def7-454a-8c66-4cf8b7248bf1",
      "title": "",
      "fullFile": "cypress\\integration\\api_tests\\userApiTest.spec.js",
      "file": "cypress\\integration\\api_tests\\userApiTest.spec.js",
      "beforeHooks": [],
      "afterHooks": [],
      "tests": [],
      "suites": [
        {
          "uuid": "c83f43f1-0cb5-4b3c-a385-095663e03763",
          "title": "User API Testleri",
          "fullFile": "",
          "file": "",
          "beforeHooks": [],
          "afterHooks": [],
          "tests": [
            {
              "title": "GET İsteği - Kullanıcıları Listele",
              "fullTitle": "User API Testleri GET İsteği - Kullanıcıları Listele",
              "timedOut": null,
              "duration": 512,
              "state": "passed",
              "speed": "fast",
              "pass": true,
              "fail": false,
              "pending": false,
              "context": null,
              "code": "_userApiPage.userApiPage.getUsers().then(response => {\n  expect(response.status).to.eq(200);\n  expect(response.body).to.have.length(10);\n  expect(response.body[0]).to.have.property('name');\n});",
              "err": {},
              "uuid": "b07ab401-51e7-4935-a341-ab12cd950fa7",
              "parentUUID": "c83f43f1-0cb5-4b3c-a385-095663e03763",
              "isHook": false,
              "skipped": false
            },
            {
              "title": "POST İsteği - Yeni Kullanıcı Ekle",
              "fullTitle": "User API Testleri POST İsteği - Yeni Kullanıcı Ekle",
              "timedOut": null,
              "duration": 560,
              "state": "passed",
              "speed": "fast",
              "pass": true,
              "fail": false,
              "pending": false,
              "context": null,
              "code": "const newUser = {\n  name: 'Yeni Kullanıcı',\n  username: 'yeniKullanici',\n  email: 'yenikullanici@example.com'\n};\n_userApiPage.userApiPage.createUser(newUser).then(response => {\n  expect(response.status).to.eq(201);\n  expect(response.body).to.have.property('id');\n  expect(response.body.name).to.eq('Yeni Kullanıcı');\n});",
              "err": {},
              "uuid": "43277b1e-1320-4482-b9c7-cbd771520a91",
              "parentUUID": "c83f43f1-0cb5-4b3c-a385-095663e03763",
              "isHook": false,
              "skipped": false
            }
          ],
          "suites": [],
          "passes": [
            "b07ab401-51e7-4935-a341-ab12cd950fa7",
            "43277b1e-1320-4482-b9c7-cbd771520a91"
          ],
          "failures": [],
          "pending": [],
          "skipped": [],
          "duration": 1072,
          "root": false,
          "rootEmpty": false,
          "_timeout": 2000
        }
      ],
      "passes": [],
      "failures": [],
      "pending": [],
      "skipped": [],
      "duration": 0,
      "root": true,
      "rootEmpty": true,
      "_timeout": 2000
    }
  ],
  "meta": {
    "mocha": {
      "version": "7.0.1"
    },
    "mochawesome": {
      "options": {
        "quiet": false,
        "reportFilename": "mochawesome",
        "saveHtml": false,
        "saveJson": true,
        "consoleReporter": "spec",
        "useInlineDiffs": false,
        "code": true
      },
      "version": "7.1.3"
    },
    "marge": {
      "options": {
        "reportDir": "cypress/reports",
        "overwrite": false,
        "html": false,
        "json": true
      },
      "version": "6.2.0"
    }
  }
}